Determining if the include file experimental/mdspan exists failed with the following output:
Change Dir: /data3/home/dipayandatta/Subgrid_CGM_Models/athenak/sg_build/CMakeFiles/CMakeTmp

Run Build Command(s):/usr/bin/gmake -f Makefile cmTC_e5da7/fast && /usr/bin/gmake  -f CMakeFiles/cmTC_e5da7.dir/build.make CMakeFiles/cmTC_e5da7.dir/build
gmake[1]: Entering directory '/data3/home/dipayandatta/Subgrid_CGM_Models/athenak/sg_build/CMakeFiles/CMakeTmp'
Building CXX object CMakeFiles/cmTC_e5da7.dir/CheckIncludeFile.cxx.o
/usr/bin/c++   -std=c++17 -o CMakeFiles/cmTC_e5da7.dir/CheckIncludeFile.cxx.o -c /data3/home/dipayandatta/Subgrid_CGM_Models/athenak/sg_build/CMakeFiles/CMakeTmp/CheckIncludeFile.cxx
/data3/home/dipayandatta/Subgrid_CGM_Models/athenak/sg_build/CMakeFiles/CMakeTmp/CheckIncludeFile.cxx:1:10: fatal error: experimental/mdspan: No such file or directory
    1 | #include <experimental/mdspan>
      |          ^~~~~~~~~~~~~~~~~~~~~
compilation terminated.
gmake[1]: *** [CMakeFiles/cmTC_e5da7.dir/build.make:78: CMakeFiles/cmTC_e5da7.dir/CheckIncludeFile.cxx.o] Error 1
gmake[1]: Leaving directory '/data3/home/dipayandatta/Subgrid_CGM_Models/athenak/sg_build/CMakeFiles/CMakeTmp'
gmake: *** [Makefile:127: cmTC_e5da7/fast] Error 2



Determining if the include file mdspan exists failed with the following output:
Change Dir: /data3/home/dipayandatta/Subgrid_CGM_Models/athenak/sg_build/CMakeFiles/CMakeTmp

Run Build Command(s):/usr/bin/gmake -f Makefile cmTC_d3c5b/fast && /usr/bin/gmake  -f CMakeFiles/cmTC_d3c5b.dir/build.make CMakeFiles/cmTC_d3c5b.dir/build
gmake[1]: Entering directory '/data3/home/dipayandatta/Subgrid_CGM_Models/athenak/sg_build/CMakeFiles/CMakeTmp'
Building CXX object CMakeFiles/cmTC_d3c5b.dir/CheckIncludeFile.cxx.o
/usr/bin/c++   -std=c++17 -o CMakeFiles/cmTC_d3c5b.dir/CheckIncludeFile.cxx.o -c /data3/home/dipayandatta/Subgrid_CGM_Models/athenak/sg_build/CMakeFiles/CMakeTmp/CheckIncludeFile.cxx
/data3/home/dipayandatta/Subgrid_CGM_Models/athenak/sg_build/CMakeFiles/CMakeTmp/CheckIncludeFile.cxx:1:10: fatal error: mdspan: No such file or directory
    1 | #include <mdspan>
      |          ^~~~~~~~
compilation terminated.
gmake[1]: *** [CMakeFiles/cmTC_d3c5b.dir/build.make:78: CMakeFiles/cmTC_d3c5b.dir/CheckIncludeFile.cxx.o] Error 1
gmake[1]: Leaving directory '/data3/home/dipayandatta/Subgrid_CGM_Models/athenak/sg_build/CMakeFiles/CMakeTmp'
gmake: *** [Makefile:127: cmTC_d3c5b/fast] Error 2



